e:\microsoft visual studio\geometry dash modding\projects\moderatorlist\moderatorlist\release\vc143.pdb
e:\microsoft visual studio\geometry dash modding\projects\moderatorlist\moderatorlist\release\modusers.obj
e:\microsoft visual studio\geometry dash modding\projects\moderatorlist\moderatorlist\release\modlayer.obj
e:\microsoft visual studio\geometry dash modding\projects\moderatorlist\moderatorlist\release\levelsearchlayer.obj
e:\microsoft visual studio\geometry dash modding\projects\moderatorlist\moderatorlist\release\levelbrowserlayer.obj
e:\microsoft visual studio\geometry dash modding\projects\moderatorlist\moderatorlist\release\dllmain.obj
e:\microsoft visual studio\geometry dash modding\projects\moderatorlist\moderatorlist\release\template.obj
e:\microsoft visual studio\geometry dash modding\projects\moderatorlist\moderatorlist\release\moderatorlist.pch
e:\microsoft visual studio\geometry dash modding\projects\moderatorlist\moderatorlist\release\pch.obj
e:\microsoft visual studio\geometry dash modding\projects\moderatorlist\moderatorlist\release\request.obj
e:\microsoft visual studio\geometry dash modding\projects\moderatorlist\release\moderatorlist.lib
e:\microsoft visual studio\geometry dash modding\projects\moderatorlist\release\moderatorlist.exp
e:\microsoft visual studio\geometry dash modding\projects\moderatorlist\release\moderatorlist.dll
e:\microsoft visual studio\geometry dash modding\projects\moderatorlist\moderatorlist\release\moderatorlist.ipdb
e:\microsoft visual studio\geometry dash modding\projects\moderatorlist\moderatorlist\release\moderatorlist.iobj
e:\microsoft visual studio\geometry dash modding\projects\moderatorlist\release\moderatorlist.pdb
e:\microsoft visual studio\geometry dash modding\projects\moderatorlist\moderatorlist\release\moderatorlist.tlog\cl.command.1.tlog
e:\microsoft visual studio\geometry dash modding\projects\moderatorlist\moderatorlist\release\moderatorlist.tlog\cl.items.tlog
e:\microsoft visual studio\geometry dash modding\projects\moderatorlist\moderatorlist\release\moderatorlist.tlog\cl.read.1.tlog
e:\microsoft visual studio\geometry dash modding\projects\moderatorlist\moderatorlist\release\moderatorlist.tlog\cl.write.1.tlog
e:\microsoft visual studio\geometry dash modding\projects\moderatorlist\moderatorlist\release\moderatorlist.tlog\link.command.1.tlog
e:\microsoft visual studio\geometry dash modding\projects\moderatorlist\moderatorlist\release\moderatorlist.tlog\link.read.1.tlog
e:\microsoft visual studio\geometry dash modding\projects\moderatorlist\moderatorlist\release\moderatorlist.tlog\link.write.1.tlog
e:\microsoft visual studio\geometry dash modding\projects\moderatorlist\moderatorlist\release\moderatorlist.tlog\link.write.2u.tlog
