  ModLayer.cpp
E:\Microsoft Visual Studio\Geometry Dash Modding\Projects\ModeratorList\libs\cocos-headers\cocos2dx\cocoa\CCDataVisitor.h(106,17): warning C4251: 'cocos2d::CCPrettyPrinter::_indentStr': class 'std::basic_string<char,std::char_traits<char>,std::allocator<char>>' needs to have dll-interface to be used by clients of class 'cocos2d::CCPrettyPrinter'
E:\Microsoft Visual Studio\2022\Community\VC\Tools\MSVC\14.36.32532\include\xstring(5155,29): message : see declaration of 'std::basic_string<char,std::char_traits<char>,std::allocator<char>>'
E:\Microsoft Visual Studio\Geometry Dash Modding\Projects\ModeratorList\libs\cocos-headers\cocos2dx\cocoa\CCDataVisitor.h(107,17): warning C4251: 'cocos2d::CCPrettyPrinter::_result': class 'std::basic_string<char,std::char_traits<char>,std::allocator<char>>' needs to have dll-interface to be used by clients of class 'cocos2d::CCPrettyPrinter'
E:\Microsoft Visual Studio\2022\Community\VC\Tools\MSVC\14.36.32532\include\xstring(5155,29): message : see declaration of 'std::basic_string<char,std::char_traits<char>,std::allocator<char>>'
E:\Microsoft Visual Studio\Geometry Dash Modding\Projects\ModeratorList\libs\cocos-headers\cocos2dx\sprite_nodes\CCSpriteFrame.h(159,18): warning C4251: 'cocos2d::CCSpriteFrame::m_strTextureFilename': class 'std::basic_string<char,std::char_traits<char>,std::allocator<char>>' needs to have dll-interface to be used by clients of class 'cocos2d::CCSpriteFrame'
E:\Microsoft Visual Studio\2022\Community\VC\Tools\MSVC\14.36.32532\include\xstring(5155,29): message : see declaration of 'std::basic_string<char,std::char_traits<char>,std::allocator<char>>'
E:\Microsoft Visual Studio\Geometry Dash Modding\Projects\ModeratorList\libs\cocos-headers\cocos2dx\cocoa\CCString.h(145,17): warning C4251: 'cocos2d::CCString::m_sString': class 'std::basic_string<char,std::char_traits<char>,std::allocator<char>>' needs to have dll-interface to be used by clients of class 'cocos2d::CCString'
E:\Microsoft Visual Studio\2022\Community\VC\Tools\MSVC\14.36.32532\include\xstring(5155,29): message : see declaration of 'std::basic_string<char,std::char_traits<char>,std::allocator<char>>'
E:\Microsoft Visual Studio\Geometry Dash Modding\Projects\ModeratorList\libs\cocos-headers\cocos2dx\actions\CCActionTween.h(78,24): warning C4251: 'cocos2d::CCActionTween::m_strKey': class 'std::basic_string<char,std::char_traits<char>,std::allocator<char>>' needs to have dll-interface to be used by clients of class 'cocos2d::CCActionTween'
E:\Microsoft Visual Studio\2022\Community\VC\Tools\MSVC\14.36.32532\include\xstring(5155,29): message : see declaration of 'std::basic_string<char,std::char_traits<char>,std::allocator<char>>'
E:\Microsoft Visual Studio\Geometry Dash Modding\Projects\ModeratorList\libs\cocos-headers\cocos2dx\CCConfiguration.h(142,22): warning C4251: 'cocos2d::CCConfiguration::s_sConfigfile': class 'std::basic_string<char,std::char_traits<char>,std::allocator<char>>' needs to have dll-interface to be used by clients of class 'cocos2d::CCConfiguration'
E:\Microsoft Visual Studio\2022\Community\VC\Tools\MSVC\14.36.32532\include\xstring(5155,29): message : see declaration of 'std::basic_string<char,std::char_traits<char>,std::allocator<char>>'
E:\Microsoft Visual Studio\Geometry Dash Modding\Projects\ModeratorList\libs\cocos-headers\cocos2dx\label_nodes\CCLabelAtlas.h(101,17): warning C4251: 'cocos2d::CCLabelAtlas::m_sString': class 'std::basic_string<char,std::char_traits<char>,std::allocator<char>>' needs to have dll-interface to be used by clients of class 'cocos2d::CCLabelAtlas'
E:\Microsoft Visual Studio\2022\Community\VC\Tools\MSVC\14.36.32532\include\xstring(5155,29): message : see declaration of 'std::basic_string<char,std::char_traits<char>,std::allocator<char>>'
E:\Microsoft Visual Studio\Geometry Dash Modding\Projects\ModeratorList\libs\cocos-headers\cocos2dx\label_nodes\CCLabelTTF.h(184,17): warning C4251: 'cocos2d::CCLabelTTF::m_string': class 'std::basic_string<char,std::char_traits<char>,std::allocator<char>>' needs to have dll-interface to be used by clients of class 'cocos2d::CCLabelTTF'
E:\Microsoft Visual Studio\2022\Community\VC\Tools\MSVC\14.36.32532\include\xstring(5155,29): message : see declaration of 'std::basic_string<char,std::char_traits<char>,std::allocator<char>>'
E:\Microsoft Visual Studio\Geometry Dash Modding\Projects\ModeratorList\libs\cocos-headers\cocos2dx\label_nodes\CCLabelBMFont.h(122,17): warning C4251: 'cocos2d::CCBMFontConfiguration::m_sAtlasName': class 'std::basic_string<char,std::char_traits<char>,std::allocator<char>>' needs to have dll-interface to be used by clients of class 'cocos2d::CCBMFontConfiguration'
E:\Microsoft Visual Studio\2022\Community\VC\Tools\MSVC\14.36.32532\include\xstring(5155,29): message : see declaration of 'std::basic_string<char,std::char_traits<char>,std::allocator<char>>'
E:\Microsoft Visual Studio\Geometry Dash Modding\Projects\ModeratorList\libs\cocos-headers\cocos2dx\label_nodes\CCLabelBMFont.h(283,17): warning C4251: 'cocos2d::CCLabelBMFont::m_sFntFile': class 'std::basic_string<char,std::char_traits<char>,std::allocator<char>>' needs to have dll-interface to be used by clients of class 'cocos2d::CCLabelBMFont'
E:\Microsoft Visual Studio\2022\Community\VC\Tools\MSVC\14.36.32532\include\xstring(5155,29): message : see declaration of 'std::basic_string<char,std::char_traits<char>,std::allocator<char>>'
E:\Microsoft Visual Studio\Geometry Dash Modding\Projects\ModeratorList\libs\cocos-headers\cocos2dx\label_nodes\CCLabelBMFont.h(287,17): warning C4251: 'cocos2d::CCLabelBMFont::m_sInitialStringUTF8': class 'std::basic_string<char,std::char_traits<char>,std::allocator<char>>' needs to have dll-interface to be used by clients of class 'cocos2d::CCLabelBMFont'
E:\Microsoft Visual Studio\2022\Community\VC\Tools\MSVC\14.36.32532\include\xstring(5155,29): message : see declaration of 'std::basic_string<char,std::char_traits<char>,std::allocator<char>>'
E:\Microsoft Visual Studio\Geometry Dash Modding\Projects\ModeratorList\libs\cocos-headers\cocos2dx\menu_nodes\CCMenuItem.h(259,17): warning C4251: 'cocos2d::CCMenuItemFont::m_strFontName': class 'std::basic_string<char,std::char_traits<char>,std::allocator<char>>' needs to have dll-interface to be used by clients of class 'cocos2d::CCMenuItemFont'
E:\Microsoft Visual Studio\2022\Community\VC\Tools\MSVC\14.36.32532\include\xstring(5155,29): message : see declaration of 'std::basic_string<char,std::char_traits<char>,std::allocator<char>>'
E:\Microsoft Visual Studio\Geometry Dash Modding\Projects\ModeratorList\libs\cocos-headers\cocos2dx\particle_nodes\CCParticleSystem.h(178,17): warning C4251: 'cocos2d::CCParticleSystem::m_sPlistFile': class 'std::basic_string<char,std::char_traits<char>,std::allocator<char>>' needs to have dll-interface to be used by clients of class 'cocos2d::CCParticleSystem'
E:\Microsoft Visual Studio\2022\Community\VC\Tools\MSVC\14.36.32532\include\xstring(5155,29): message : see declaration of 'std::basic_string<char,std::char_traits<char>,std::allocator<char>>'
E:\Microsoft Visual Studio\Geometry Dash Modding\Projects\ModeratorList\libs\cocos-headers\cocos2dx\platform\CCFileUtils.h(417,30): warning C4251: 'cocos2d::CCFileUtils::m_searchResolutionsOrderArray': class 'std::vector<std::string,std::allocator<std::string>>' needs to have dll-interface to be used by clients of class 'cocos2d::CCFileUtils'
E:\Microsoft Visual Studio\Geometry Dash Modding\Projects\ModeratorList\libs\cocos-headers\cocos2dx\platform\CCFileUtils.h(225,55): message : see declaration of 'std::vector<std::string,std::allocator<std::string>>'
E:\Microsoft Visual Studio\Geometry Dash Modding\Projects\ModeratorList\libs\cocos-headers\cocos2dx\platform\CCFileUtils.h(423,30): warning C4251: 'cocos2d::CCFileUtils::m_searchPathArray': class 'std::vector<std::string,std::allocator<std::string>>' needs to have dll-interface to be used by clients of class 'cocos2d::CCFileUtils'
E:\Microsoft Visual Studio\Geometry Dash Modding\Projects\ModeratorList\libs\cocos-headers\cocos2dx\platform\CCFileUtils.h(225,55): message : see declaration of 'std::vector<std::string,std::allocator<std::string>>'
E:\Microsoft Visual Studio\Geometry Dash Modding\Projects\ModeratorList\libs\cocos-headers\cocos2dx\platform\CCFileUtils.h(432,17): warning C4251: 'cocos2d::CCFileUtils::m_strDefaultResRootPath': class 'std::basic_string<char,std::char_traits<char>,std::allocator<char>>' needs to have dll-interface to be used by clients of class 'cocos2d::CCFileUtils'
E:\Microsoft Visual Studio\2022\Community\VC\Tools\MSVC\14.36.32532\include\xstring(5155,29): message : see declaration of 'std::basic_string<char,std::char_traits<char>,std::allocator<char>>'
E:\Microsoft Visual Studio\Geometry Dash Modding\Projects\ModeratorList\libs\cocos-headers\cocos2dx\platform\CCFileUtils.h(438,40): warning C4251: 'cocos2d::CCFileUtils::m_fullPathCache': class 'std::map<std::string,std::string,std::less<std::string>,std::allocator<std::pair<const std::string,std::string>>>' needs to have dll-interface to be used by clients of class 'cocos2d::CCFileUtils'
E:\Microsoft Visual Studio\Geometry Dash Modding\Projects\ModeratorList\libs\cocos-headers\cocos2dx\platform\CCFileUtils.h(438,10): message : see declaration of 'std::map<std::string,std::string,std::less<std::string>,std::allocator<std::pair<const std::string,std::string>>>'
E:\Microsoft Visual Studio\Geometry Dash Modding\Projects\ModeratorList\libs\cocos-headers\cocos2dx\platform\win32\CCApplication.h(75,25): warning C4251: 'cocos2d::CCApplication::m_resourceRootPath': class 'std::basic_string<char,std::char_traits<char>,std::allocator<char>>' needs to have dll-interface to be used by clients of class 'cocos2d::CCApplication'
E:\Microsoft Visual Studio\2022\Community\VC\Tools\MSVC\14.36.32532\include\xstring(5155,29): message : see declaration of 'std::basic_string<char,std::char_traits<char>,std::allocator<char>>'
E:\Microsoft Visual Studio\Geometry Dash Modding\Projects\ModeratorList\libs\cocos-headers\cocos2dx\platform\win32\CCApplication.h(76,25): warning C4251: 'cocos2d::CCApplication::m_startupScriptFilename': class 'std::basic_string<char,std::char_traits<char>,std::allocator<char>>' needs to have dll-interface to be used by clients of class 'cocos2d::CCApplication'
E:\Microsoft Visual Studio\2022\Community\VC\Tools\MSVC\14.36.32532\include\xstring(5155,29): message : see declaration of 'std::basic_string<char,std::char_traits<char>,std::allocator<char>>'
E:\Microsoft Visual Studio\Geometry Dash Modding\Projects\ModeratorList\libs\cocos-headers\cocos2dx\support\user_default\CCUserDefault.h(121,24): warning C4251: 'cocos2d::CCUserDefault::m_sFilePath': class 'std::basic_string<char,std::char_traits<char>,std::allocator<char>>' needs to have dll-interface to be used by clients of class 'cocos2d::CCUserDefault'
E:\Microsoft Visual Studio\2022\Community\VC\Tools\MSVC\14.36.32532\include\xstring(5155,29): message : see declaration of 'std::basic_string<char,std::char_traits<char>,std::allocator<char>>'
E:\Microsoft Visual Studio\Geometry Dash Modding\Projects\ModeratorList\libs\cocos-headers\cocos2dx\tilemap_parallax_nodes\CCTMXObjectGroup.h(76,17): warning C4251: 'cocos2d::CCTMXObjectGroup::m_sGroupName': class 'std::basic_string<char,std::char_traits<char>,std::allocator<char>>' needs to have dll-interface to be used by clients of class 'cocos2d::CCTMXObjectGroup'
E:\Microsoft Visual Studio\2022\Community\VC\Tools\MSVC\14.36.32532\include\xstring(5155,29): message : see declaration of 'std::basic_string<char,std::char_traits<char>,std::allocator<char>>'
E:\Microsoft Visual Studio\Geometry Dash Modding\Projects\ModeratorList\libs\cocos-headers\cocos2dx\tilemap_parallax_nodes\CCTMXXMLParser.h(93,25): warning C4251: 'cocos2d::CCTMXLayerInfo::m_sName': class 'std::basic_string<char,std::char_traits<char>,std::allocator<char>>' needs to have dll-interface to be used by clients of class 'cocos2d::CCTMXLayerInfo'
E:\Microsoft Visual Studio\2022\Community\VC\Tools\MSVC\14.36.32532\include\xstring(5155,29): message : see declaration of 'std::basic_string<char,std::char_traits<char>,std::allocator<char>>'
E:\Microsoft Visual Studio\Geometry Dash Modding\Projects\ModeratorList\libs\cocos-headers\cocos2dx\tilemap_parallax_nodes\CCTMXXMLParser.h(120,21): warning C4251: 'cocos2d::CCTMXTilesetInfo::m_sName': class 'std::basic_string<char,std::char_traits<char>,std::allocator<char>>' needs to have dll-interface to be used by clients of class 'cocos2d::CCTMXTilesetInfo'
E:\Microsoft Visual Studio\2022\Community\VC\Tools\MSVC\14.36.32532\include\xstring(5155,29): message : see declaration of 'std::basic_string<char,std::char_traits<char>,std::allocator<char>>'
E:\Microsoft Visual Studio\Geometry Dash Modding\Projects\ModeratorList\libs\cocos-headers\cocos2dx\tilemap_parallax_nodes\CCTMXXMLParser.h(126,21): warning C4251: 'cocos2d::CCTMXTilesetInfo::m_sSourceImage': class 'std::basic_string<char,std::char_traits<char>,std::allocator<char>>' needs to have dll-interface to be used by clients of class 'cocos2d::CCTMXTilesetInfo'
E:\Microsoft Visual Studio\2022\Community\VC\Tools\MSVC\14.36.32532\include\xstring(5155,29): message : see declaration of 'std::basic_string<char,std::char_traits<char>,std::allocator<char>>'
E:\Microsoft Visual Studio\Geometry Dash Modding\Projects\ModeratorList\libs\cocos-headers\cocos2dx\tilemap_parallax_nodes\CCTMXXMLParser.h(225,17): warning C4251: 'cocos2d::CCTMXMapInfo::m_sTMXFileName': class 'std::basic_string<char,std::char_traits<char>,std::allocator<char>>' needs to have dll-interface to be used by clients of class 'cocos2d::CCTMXMapInfo'
E:\Microsoft Visual Studio\2022\Community\VC\Tools\MSVC\14.36.32532\include\xstring(5155,29): message : see declaration of 'std::basic_string<char,std::char_traits<char>,std::allocator<char>>'
E:\Microsoft Visual Studio\Geometry Dash Modding\Projects\ModeratorList\libs\cocos-headers\cocos2dx\tilemap_parallax_nodes\CCTMXXMLParser.h(227,17): warning C4251: 'cocos2d::CCTMXMapInfo::m_sResources': class 'std::basic_string<char,std::char_traits<char>,std::allocator<char>>' needs to have dll-interface to be used by clients of class 'cocos2d::CCTMXMapInfo'
E:\Microsoft Visual Studio\2022\Community\VC\Tools\MSVC\14.36.32532\include\xstring(5155,29): message : see declaration of 'std::basic_string<char,std::char_traits<char>,std::allocator<char>>'
E:\Microsoft Visual Studio\Geometry Dash Modding\Projects\ModeratorList\libs\cocos-headers\cocos2dx\tilemap_parallax_nodes\CCTMXXMLParser.h(229,17): warning C4251: 'cocos2d::CCTMXMapInfo::m_sCurrentString': class 'std::basic_string<char,std::char_traits<char>,std::allocator<char>>' needs to have dll-interface to be used by clients of class 'cocos2d::CCTMXMapInfo'
E:\Microsoft Visual Studio\2022\Community\VC\Tools\MSVC\14.36.32532\include\xstring(5155,29): message : see declaration of 'std::basic_string<char,std::char_traits<char>,std::allocator<char>>'
E:\Microsoft Visual Studio\Geometry Dash Modding\Projects\ModeratorList\libs\cocos-headers\cocos2dx\tilemap_parallax_nodes\CCTMXLayer.h(204,17): warning C4251: 'cocos2d::CCTMXLayer::m_sLayerName': class 'std::basic_string<char,std::char_traits<char>,std::allocator<char>>' needs to have dll-interface to be used by clients of class 'cocos2d::CCTMXLayer'
E:\Microsoft Visual Studio\2022\Community\VC\Tools\MSVC\14.36.32532\include\xstring(5155,29): message : see declaration of 'std::basic_string<char,std::char_traits<char>,std::allocator<char>>'
E:\Microsoft Visual Studio\Geometry Dash Modding\Projects\ModeratorList\libs\cocos-headers\cocos2dx\support\component\CCComponent.h(68,17): warning C4251: 'cocos2d::CCComponent::m_strName': class 'std::basic_string<char,std::char_traits<char>,std::allocator<char>>' needs to have dll-interface to be used by clients of class 'cocos2d::CCComponent'
E:\Microsoft Visual Studio\2022\Community\VC\Tools\MSVC\14.36.32532\include\xstring(5155,29): message : see declaration of 'std::basic_string<char,std::char_traits<char>,std::allocator<char>>'
E:\Microsoft Visual Studio\Geometry Dash Modding\Projects\ModeratorList\libs\cocos-headers\cocos2dx\robtop\xml\DS_Dictionary.h(10,21): warning C4251: 'DS_Dictionary::doc': class 'pugi::xml_document' needs to have dll-interface to be used by clients of class 'DS_Dictionary'
E:\Microsoft Visual Studio\Geometry Dash Modding\Projects\ModeratorList\libs\cocos-headers\cocos2dx\robtop\xml\pugixml.hpp(851,22): message : see declaration of 'pugi::xml_document'
E:\Microsoft Visual Studio\Geometry Dash Modding\Projects\ModeratorList\libs\cocos-headers\cocos2dx\robtop\xml\DS_Dictionary.h(11,30): warning C4251: 'DS_Dictionary::dictTree': class 'std::vector<pugi::xml_node,std::allocator<pugi::xml_node>>' needs to have dll-interface to be used by clients of class 'DS_Dictionary'
E:\Microsoft Visual Studio\Geometry Dash Modding\Projects\ModeratorList\libs\cocos-headers\cocos2dx\robtop\xml\DS_Dictionary.h(11,7): message : see declaration of 'std::vector<pugi::xml_node,std::allocator<pugi::xml_node>>'
E:\Microsoft Visual Studio\Geometry Dash Modding\Projects\ModeratorList\ModeratorList\ModLayer.cpp(202,32): warning C4018: '<': signed/unsigned mismatch
     Creating library E:\Microsoft Visual Studio\Geometry Dash Modding\Projects\ModeratorList\Release\ModeratorList.lib and object E:\Microsoft Visual Studio\Geometry Dash Modding\Projects\ModeratorList\Release\ModeratorList.exp
LINK : warning LNK4098: defaultlib 'LIBCMTD' conflicts with use of other libs; use /NODEFAULTLIB:library
  Generating code
  5 of 2328 functions ( 0.2%) were compiled, the rest were copied from previous compilation.
    0 functions were new in current compilation
    1 functions had inline decision re-evaluated but remain unchanged
  Finished generating code
  ModeratorList.vcxproj -> E:\Microsoft Visual Studio\Geometry Dash Modding\Projects\ModeratorList\Release\ModeratorList.dll
